nohup: Eingabe wird ignoriert
[I 2026-07-16 18:55:48,161] A new study created in RDB with name: ac_session2
[I 2026-07-16 20:16:36,804] Trial 0 finished with value: 5546346.886378873 and parameters: {'actor_lr': 5.68042085269343e-05, 'critic_lr': 0.0003168085219048485, 'gamma': 0.9890800853487898, 'noise_std': 0.1862711700323632, 'epsilon_min': 0.22910487440820237, 'epsilon_decay': 0.998065851194744, 'target_update_freq': 602, 'batch': 64, 'hidden': 128}. Best is trial 0 with value: 5546346.886378873.
[I 2026-07-16 20:32:52,251] Trial 1 finished with value: 24486.5 and parameters: {'actor_lr': 4.263814499568788e-05, 'critic_lr': 0.00013260806402042022, 'gamma': 0.978599770009309, 'noise_std': 0.17052032023329822, 'epsilon_min': 0.2173505419416641, 'epsilon_decay': 0.9947651965200155, 'target_update_freq': 899, 'batch': 64, 'hidden': 256}. Best is trial 1 with value: 24486.5.
[I 2026-07-16 21:58:17,507] Trial 2 finished with value: 5666910.832879761 and parameters: {'actor_lr': 2.4407813783514522e-05, 'critic_lr': 0.000239580252612216, 'gamma': 0.9824830717146865, 'noise_std': 0.11619337829983321, 'epsilon_min': 0.05747622229325931, 'epsilon_decay': 0.9904033396174305, 'target_update_freq': 485, 'batch': 64, 'hidden': 256}. Best is trial 1 with value: 24486.5.
[I 2026-07-16 22:22:18,937] Trial 3 finished with value: 44135.0 and parameters: {'actor_lr': 0.00012004393094572351, 'critic_lr': 0.0006761354751763067, 'gamma': 0.9554472741414141, 'noise_std': 0.21337874355579467, 'epsilon_min': 0.05897298814299147, 'epsilon_decay': 0.9954415458006476, 'target_update_freq': 299, 'batch': 128, 'hidden': 128}. Best is trial 1 with value: 24486.5.
[I 2026-07-17 00:54:15,843] Trial 4 finished with value: 10867556.588954734 and parameters: {'actor_lr': 0.0009313427816780391, 'critic_lr': 0.00010347289713221982, 'gamma': 0.9933332566720287, 'noise_std': 0.17389199286523976, 'epsilon_min': 0.13695213063110778, 'epsilon_decay': 0.9929647617438043, 'target_update_freq': 166, 'batch': 256, 'hidden': 128}. Best is trial 1 with value: 24486.5.
[I 2026-07-17 00:54:16,100] Trial 5 pruned. 
[I 2026-07-17 00:54:16,226] Trial 6 pruned. 
[I 2026-07-17 00:54:21,992] Trial 7 pruned. 
[I 2026-07-17 00:54:22,121] Trial 8 pruned. 
[I 2026-07-17 00:54:22,295] Trial 9 pruned. 
[I 2026-07-17 00:54:26,338] Trial 10 pruned. 
[I 2026-07-17 00:54:26,530] Trial 11 pruned. 
[I 2026-07-17 00:54:30,199] Trial 12 pruned. 
[I 2026-07-17 00:54:33,055] Trial 13 pruned. 
[I 2026-07-17 00:54:38,232] Trial 14 pruned. 
[I 2026-07-17 00:54:44,476] Trial 15 pruned. 
[I 2026-07-17 00:54:50,161] Trial 16 pruned. 
[I 2026-07-17 00:54:50,342] Trial 17 pruned. 
[I 2026-07-17 00:59:04,921] Trial 18 pruned. 
[I 2026-07-17 00:59:05,278] Trial 19 pruned. 
[I 2026-07-17 00:59:08,834] Trial 20 pruned. 
[I 2026-07-17 00:59:09,028] Trial 21 pruned. 
[I 2026-07-17 00:59:09,175] Trial 22 pruned. 
[I 2026-07-17 00:59:09,314] Trial 23 pruned. 
[I 2026-07-17 00:59:13,884] Trial 24 pruned. 
[I 2026-07-17 00:59:14,025] Trial 25 pruned. 
[I 2026-07-17 00:59:14,207] Trial 26 pruned. 
[I 2026-07-17 00:59:14,392] Trial 27 pruned. 
[I 2026-07-17 00:59:14,531] Trial 28 pruned. 
[I 2026-07-17 00:59:14,679] Trial 29 pruned. 
[I 2026-07-17 00:59:19,905] Trial 30 pruned. 
[I 2026-07-17 00:59:20,043] Trial 31 pruned. 
[I 2026-07-17 00:59:20,222] Trial 32 pruned. 
[I 2026-07-17 00:59:28,753] Trial 33 pruned. 
[I 2026-07-17 01:03:24,870] Trial 34 pruned. 
[I 2026-07-17 01:03:25,079] Trial 35 pruned. 
[I 2026-07-17 01:03:25,217] Trial 36 pruned. 
[I 2026-07-17 01:03:25,355] Trial 37 pruned. 
[I 2026-07-17 01:03:32,422] Trial 38 pruned. 
[I 2026-07-17 01:03:32,605] Trial 39 pruned. 
[I 2026-07-17 01:03:45,980] Trial 40 pruned. 
[I 2026-07-17 01:03:46,114] Trial 41 pruned. 
[I 2026-07-17 01:03:52,007] Trial 42 pruned. 
[I 2026-07-17 01:03:55,429] Trial 43 pruned. 
[I 2026-07-17 01:03:55,560] Trial 44 pruned. 
[I 2026-07-17 01:03:55,697] Trial 45 pruned. 
[I 2026-07-17 01:03:55,836] Trial 46 pruned. 
[I 2026-07-17 01:03:56,007] Trial 47 pruned. 
[I 2026-07-17 01:04:05,590] Trial 48 pruned. 
[I 2026-07-17 01:26:39,612] Trial 49 pruned. 
new code running!

=== best trial ===
score : 24486.5
params: {'actor_lr': 4.263814499568788e-05, 'critic_lr': 0.00013260806402042022, 'gamma': 0.978599770009309, 'noise_std': 0.17052032023329822, 'epsilon_min': 0.2173505419416641, 'epsilon_decay': 0.9947651965200155, 'target_update_freq': 899, 'batch': 64, 'hidden': 256}
metric2 (best trial): {'metric2_len_min': 23, 'metric2_len_seed115': 23, 'metric2_len_seed119': 24}
saved -> best_actor_critic.json
